<?xml version="1.0" encoding="UTF-8"?>
<!-- Generated by org.testng.reporters.JUnitXMLReporter -->
<testsuite hostname="LAPTOP-HIGVABNB" ignored="5" name="Test" tests="4" failures="0" timestamp="15 Mar 2021 10:40:23 GMT" time="0.083" errors="0">
  <testcase name="tc1" time="0.015" classname="org.data.Group1"/>
  <testcase name="tc11" time="0.0" classname="org.data.Group2"/>
  <testcase name="tc22" time="0.0" classname="org.data.Group2"/>
  <testcase name="tc222" time="0.001" classname="org.data.Group3"/>
  <testcase name="tc3" time="0.0" classname="org.data.Group1">
    <ignored/>
  </testcase> <!-- tc3 -->
  <testcase name="tc333" time="0.0" classname="org.data.Group3">
    <ignored/>
  </testcase> <!-- tc333 -->
  <testcase name="tc111" time="0.0" classname="org.data.Group3">
    <ignored/>
  </testcase> <!-- tc111 -->
  <testcase name="tc2" time="0.0" classname="org.data.Group1">
    <ignored/>
  </testcase> <!-- tc2 -->
  <testcase name="tc33" time="0.0" classname="org.data.Group2">
    <ignored/>
  </testcase> <!-- tc33 -->
</testsuite> <!-- Test -->
